/usr/local/bin/ruby -r ./siteconf20170123-7-ziwlkz.rb extconf.rb
checking for ffi_call() in -lffi... yes
checking for ffi_prep_closure()... yes
checking for ffi_raw_call()... yes
checking for ffi_prep_raw_closure()... yes
checking for rb_thread_blocking_region()... no
checking for rb_thread_call_with_gvl()... yes
checking for rb_thread_call_without_gvl()... yes
checking for ffi_prep_cif_var()... yes
creating extconf.h
creating Makefile

make "DESTDIR=" clean

make "DESTDIR="
compiling LastError.c
compiling ffi.c
compiling Variadic.c
compiling Function.c
compiling LongDouble.c
compiling Struct.c
compiling ClosurePool.c
compiling Pointer.c
compiling StructByReference.c
compiling Buffer.c
compiling AbstractMemory.c
compiling Call.c
compiling MethodHandle.c
compiling FunctionInfo.c
compiling Types.c
compiling DataConverter.c
compiling Type.c
compiling ArrayType.c
compiling MemoryPointer.c
compiling Thread.c
compiling StructLayout.c
compiling StructByValue.c
compiling Platform.c
compiling MappedType.c
compiling DynamicLibrary.c
linking shared-object ffi_c.so

make "DESTDIR=" install
/usr/bin/install -c -m 0755 ffi_c.so ./.gem.20170123-7-1oge4no
